[2024-09-12 14:38:51] local.ERROR: Command "make:migrate" is not defined.

Did you mean one of these?
    make:cast
    make:channel
    make:command
    make:component
    make:controller
    make:event
    make:exception
    make:factory
    make:job
    make:listener
    make:mail
    make:middleware
    make:migration
    make:model
    make:notification
    make:observer
    make:policy
    make:provider
    make:request
    make:resource
    make:rule
    make:scope
    make:seeder
    make:test
    make:view {"exception":"[object] (Symfony\\Component\\Console\\Exception\\CommandNotFoundException(code: 0): Command \"make:migrate\" is not defined.

Did you mean one of these?
    make:cast
    make:channel
    make:command
    make:component
    make:controller
    make:event
    make:exception
    make:factory
    make:job
    make:listener
    make:mail
    make:middleware
    make:migration
    make:model
    make:notification
    make:observer
    make:policy
    make:provider
    make:request
    make:resource
    make:rule
    make:scope
    make:seeder
    make:test
    make:view at C:\\Users\\Unknown\\OneDrive\\Documents\\KERJA\\FREELANCE\\sph\\vendor\\symfony\\console\\Application.php:737)
[stacktrace]
#0 C:\\Users\\Unknown\\OneDrive\\Documents\\KERJA\\FREELANCE\\sph\\vendor\\symfony\\console\\Application.php(266): Symfony\\Component\\Console\\Application->find('make:migrate')
#1 C:\\Users\\Unknown\\OneDrive\\Documents\\KERJA\\FREELANCE\\sph\\vendor\\symfony\\console\\Application.php(175): Symfony\\Component\\Console\\Application->doRun(Object(Symfony\\Component\\Console\\Input\\ArgvInput), Object(Symfony\\Component\\Console\\Output\\ConsoleOutput))
#2 C:\\Users\\Unknown\\OneDrive\\Documents\\KERJA\\FREELANCE\\sph\\vendor\\laravel\\framework\\src\\Illuminate\\Foundation\\Console\\Kernel.php(201): Symfony\\Component\\Console\\Application->run(Object(Symfony\\Component\\Console\\Input\\ArgvInput), Object(Symfony\\Component\\Console\\Output\\ConsoleOutput))
#3 C:\\Users\\Unknown\\OneDrive\\Documents\\KERJA\\FREELANCE\\sph\\artisan(35): Illuminate\\Foundation\\Console\\Kernel->handle(Object(Symfony\\Component\\Console\\Input\\ArgvInput), Object(Symfony\\Component\\Console\\Output\\ConsoleOutput))
#4 {main}
"} 
[2024-09-12 14:39:01] local.ERROR: SQLSTATE[HY000] [2002] No connection could be made because the target machine actively refused it (Connection: mysql, SQL: select count(*) as aggregate from `telescope_entries` where `type` = exception and `family_hash` = 4f15877f544b93e7bf78a49c250f07c1) {"exception":"[object] (Illuminate\\Database\\QueryException(code: 2002): SQLSTATE[HY000] [2002] No connection could be made because the target machine actively refused it (Connection: mysql, SQL: select count(*) as aggregate from `telescope_entries` where `type` = exception and `family_hash` = 4f15877f544b93e7bf78a49c250f07c1) at C:\\Users\\Unknown\\OneDrive\\Documents\\KERJA\\FREELANCE\\sph\\vendor\\laravel\\framework\\src\\Illuminate\\Database\\Connection.php:829)
[stacktrace]
#0 C:\\Users\\Unknown\\OneDrive\\Documents\\KERJA\\FREELANCE\\sph\\vendor\\laravel\\framework\\src\\Illuminate\\Database\\Connection.php(983): Illuminate\\Database\\Connection->runQueryCallback('select count(*)...', Array, Object(Closure))
#1 C:\\Users\\Unknown\\OneDrive\\Documents\\KERJA\\FREELANCE\\sph\\vendor\\laravel\\framework\\src\\Illuminate\\Database\\Connection.php(962): Illuminate\\Database\\Connection->tryAgainIfCausedByLostConnection(Object(Illuminate\\Database\\QueryException), 'select count(*)...', Array, Object(Closure))
#2 C:\\Users\\Unknown\\OneDrive\\Documents\\KERJA\\FREELANCE\\sph\\vendor\\laravel\\framework\\src\\Illuminate\\Database\\Connection.php(785): Illuminate\\Database\\Connection->handleQueryException(Object(Illuminate\\Database\\QueryException), 'select count(*)...', Array, Object(Closure))
#3 C:\\Users\\Unknown\\OneDrive\\Documents\\KERJA\\FREELANCE\\sph\\vendor\\laravel\\framework\\src\\Illuminate\\Database\\Connection.php(414): Illuminate\\Database\\Connection->run('select count(*)...', Array, Object(Closure))
#4 C:\\Users\\Unknown\\OneDrive\\Documents\\KERJA\\FREELANCE\\sph\\vendor\\laravel\\framework\\src\\Illuminate\\Database\\Query\\Builder.php(2871): Illuminate\\Database\\Connection->select('select count(*)...', Array, true)
#5 C:\\Users\\Unknown\\OneDrive\\Documents\\KERJA\\FREELANCE\\sph\\vendor\\laravel\\framework\\src\\Illuminate\\Database\\Query\\Builder.php(2860): Illuminate\\Database\\Query\\Builder->runSelect()
#6 C:\\Users\\Unknown\\OneDrive\\Documents\\KERJA\\FREELANCE\\sph\\vendor\\laravel\\framework\\src\\Illuminate\\Database\\Query\\Builder.php(3414): Illuminate\\Database\\Query\\Builder->Illuminate\\Database\\Query\\{closure}()
#7 C:\\Users\\Unknown\\OneDrive\\Documents\\KERJA\\FREELANCE\\sph\\vendor\\laravel\\framework\\src\\Illuminate\\Database\\Query\\Builder.php(2859): Illuminate\\Database\\Query\\Builder->onceWithColumns(Array, Object(Closure))
#8 C:\\Users\\Unknown\\OneDrive\\Documents\\KERJA\\FREELANCE\\sph\\vendor\\laravel\\framework\\src\\Illuminate\\Database\\Query\\Builder.php(3341): Illuminate\\Database\\Query\\Builder->get(Array)
#9 C:\\Users\\Unknown\\OneDrive\\Documents\\KERJA\\FREELANCE\\sph\\vendor\\laravel\\framework\\src\\Illuminate\\Database\\Query\\Builder.php(3269): Illuminate\\Database\\Query\\Builder->aggregate('count', Array)
#10 C:\\Users\\Unknown\\OneDrive\\Documents\\KERJA\\FREELANCE\\sph\\vendor\\laravel\\telescope\\src\\Storage\\DatabaseEntriesRepository.php(123): Illuminate\\Database\\Query\\Builder->count()
#11 C:\\Users\\Unknown\\OneDrive\\Documents\\KERJA\\FREELANCE\\sph\\vendor\\laravel\\telescope\\src\\Storage\\DatabaseEntriesRepository.php(165): Laravel\\Telescope\\Storage\\DatabaseEntriesRepository->countExceptionOccurences(Object(Laravel\\Telescope\\IncomingExceptionEntry))
#12 [internal function]: Laravel\\Telescope\\Storage\\DatabaseEntriesRepository->Laravel\\Telescope\\Storage\\{closure}(Object(Laravel\\Telescope\\IncomingExceptionEntry), 0)
#13 C:\\Users\\Unknown\\OneDrive\\Documents\\KERJA\\FREELANCE\\sph\\vendor\\laravel\\framework\\src\\Illuminate\\Collections\\Arr.php(600): array_map(Object(Closure), Array, Array)
#14 C:\\Users\\Unknown\\OneDrive\\Documents\\KERJA\\FREELANCE\\sph\\vendor\\laravel\\framework\\src\\Illuminate\\Collections\\Collection.php(777): Illuminate\\Support\\Arr::map(Array, Object(Closure))
#15 C:\\Users\\Unknown\\OneDrive\\Documents\\KERJA\\FREELANCE\\sph\\vendor\\laravel\\telescope\\src\\Storage\\DatabaseEntriesRepository.php(164): Illuminate\\Support\\Collection->map(Object(Closure))
#16 C:\\Users\\Unknown\\OneDrive\\Documents\\KERJA\\FREELANCE\\sph\\vendor\\laravel\\framework\\src\\Illuminate\\Collections\\Traits\\EnumeratesValues.php(240): Laravel\\Telescope\\Storage\\DatabaseEntriesRepository->Laravel\\Telescope\\Storage\\{closure}(Object(Illuminate\\Support\\Collection), 0)
#17 C:\\Users\\Unknown\\OneDrive\\Documents\\KERJA\\FREELANCE\\sph\\vendor\\laravel\\telescope\\src\\Storage\\DatabaseEntriesRepository.php(163): Illuminate\\Support\\Collection->each(Object(Closure))
#18 C:\\Users\\Unknown\\OneDrive\\Documents\\KERJA\\FREELANCE\\sph\\vendor\\laravel\\telescope\\src\\Storage\\DatabaseEntriesRepository.php(140): Laravel\\Telescope\\Storage\\DatabaseEntriesRepository->storeExceptions(Object(Illuminate\\Support\\Collection))
#19 C:\\Users\\Unknown\\OneDrive\\Documents\\KERJA\\FREELANCE\\sph\\vendor\\laravel\\telescope\\src\\Telescope.php(661): Laravel\\Telescope\\Storage\\DatabaseEntriesRepository->store(Object(Illuminate\\Support\\Collection))
#20 [internal function]: Laravel\\Telescope\\Telescope::Laravel\\Telescope\\{closure}()
#21 C:\\Users\\Unknown\\OneDrive\\Documents\\KERJA\\FREELANCE\\sph\\vendor\\laravel\\telescope\\src\\Telescope.php(286): call_user_func(Object(Closure))
#22 C:\\Users\\Unknown\\OneDrive\\Documents\\KERJA\\FREELANCE\\sph\\vendor\\laravel\\telescope\\src\\Telescope.php(653): Laravel\\Telescope\\Telescope::withoutRecording(Object(Closure))
#23 C:\\Users\\Unknown\\OneDrive\\Documents\\KERJA\\FREELANCE\\sph\\vendor\\laravel\\telescope\\src\\ListensForStorageOpportunities.php(65): Laravel\\Telescope\\Telescope::store(Object(Laravel\\Telescope\\Storage\\DatabaseEntriesRepository))
#24 C:\\Users\\Unknown\\OneDrive\\Documents\\KERJA\\FREELANCE\\sph\\vendor\\laravel\\framework\\src\\Illuminate\\Container\\BoundMethod.php(36): Laravel\\Telescope\\Telescope::Laravel\\Telescope\\{closure}()
#25 C:\\Users\\Unknown\\OneDrive\\Documents\\KERJA\\FREELANCE\\sph\\vendor\\laravel\\framework\\src\\Illuminate\\Container\\Util.php(41): Illuminate\\Container\\BoundMethod::Illuminate\\Container\\{closure}()
#26 C:\\Users\\Unknown\\OneDrive\\Documents\\KERJA\\FREELANCE\\sph\\vendor\\laravel\\framework\\src\\Illuminate\\Container\\BoundMethod.php(81): Illuminate\\Container\\Util::unwrapIfClosure(Object(Closure))
#27 C:\\Users\\Unknown\\OneDrive\\Documents\\KERJA\\FREELANCE\\sph\\vendor\\laravel\\framework\\src\\Illuminate\\Container\\BoundMethod.php(35): Illuminate\\Container\\BoundMethod::callBoundMethod(Object(Illuminate\\Foundation\\Application), Object(Closure), Object(Closure))
#28 C:\\Users\\Unknown\\OneDrive\\Documents\\KERJA\\FREELANCE\\sph\\vendor\\laravel\\framework\\src\\Illuminate\\Container\\Container.php(662): Illuminate\\Container\\BoundMethod::call(Object(Illuminate\\Foundation\\Application), Object(Closure), Array, NULL)
#29 C:\\Users\\Unknown\\OneDrive\\Documents\\KERJA\\FREELANCE\\sph\\vendor\\laravel\\framework\\src\\Illuminate\\Foundation\\Application.php(1278): Illuminate\\Container\\Container->call(Object(Closure))
#30 C:\\Users\\Unknown\\OneDrive\\Documents\\KERJA\\FREELANCE\\sph\\vendor\\laravel\\framework\\src\\Illuminate\\Foundation\\Console\\Kernel.php(220): Illuminate\\Foundation\\Application->terminate()
#31 C:\\Users\\Unknown\\OneDrive\\Documents\\KERJA\\FREELANCE\\sph\\artisan(51): Illuminate\\Foundation\\Console\\Kernel->terminate(Object(Symfony\\Component\\Console\\Input\\ArgvInput), 1)
#32 {main}

[previous exception] [object] (PDOException(code: 2002): SQLSTATE[HY000] [2002] No connection could be made because the target machine actively refused it at C:\\Users\\Unknown\\OneDrive\\Documents\\KERJA\\FREELANCE\\sph\\vendor\\laravel\\framework\\src\\Illuminate\\Database\\Connectors\\Connector.php:65)
[stacktrace]
#0 C:\\Users\\Unknown\\OneDrive\\Documents\\KERJA\\FREELANCE\\sph\\vendor\\laravel\\framework\\src\\Illuminate\\Database\\Connectors\\Connector.php(65): PDO->__construct('mysql:host=127....', 'root', Object(SensitiveParameterValue), Array)
#1 C:\\Users\\Unknown\\OneDrive\\Documents\\KERJA\\FREELANCE\\sph\\vendor\\laravel\\framework\\src\\Illuminate\\Database\\Connectors\\Connector.php(83): Illuminate\\Database\\Connectors\\Connector->createPdoConnection('mysql:host=127....', 'root', '', Array)
#2 C:\\Users\\Unknown\\OneDrive\\Documents\\KERJA\\FREELANCE\\sph\\vendor\\laravel\\framework\\src\\Illuminate\\Database\\Connectors\\Connector.php(48): Illuminate\\Database\\Connectors\\Connector->tryAgainIfCausedByLostConnection(Object(PDOException), 'mysql:host=127....', 'root', '', Array)
#3 C:\\Users\\Unknown\\OneDrive\\Documents\\KERJA\\FREELANCE\\sph\\vendor\\laravel\\framework\\src\\Illuminate\\Database\\Connectors\\MySqlConnector.php(24): Illuminate\\Database\\Connectors\\Connector->createConnection('mysql:host=127....', Array, Array)
#4 C:\\Users\\Unknown\\OneDrive\\Documents\\KERJA\\FREELANCE\\sph\\vendor\\laravel\\framework\\src\\Illuminate\\Database\\Connectors\\ConnectionFactory.php(184): Illuminate\\Database\\Connectors\\MySqlConnector->connect(Array)
#5 [internal function]: Illuminate\\Database\\Connectors\\ConnectionFactory->Illuminate\\Database\\Connectors\\{closure}()
#6 C:\\Users\\Unknown\\OneDrive\\Documents\\KERJA\\FREELANCE\\sph\\vendor\\laravel\\framework\\src\\Illuminate\\Database\\Connection.php(1339): call_user_func(Object(Closure))
#7 C:\\Users\\Unknown\\OneDrive\\Documents\\KERJA\\FREELANCE\\sph\\vendor\\laravel\\framework\\src\\Illuminate\\Database\\Connection.php(1375): Illuminate\\Database\\Connection->getPdo()
#8 C:\\Users\\Unknown\\OneDrive\\Documents\\KERJA\\FREELANCE\\sph\\vendor\\laravel\\framework\\src\\Illuminate\\Database\\Connection.php(528): Illuminate\\Database\\Connection->getReadPdo()
#9 C:\\Users\\Unknown\\OneDrive\\Documents\\KERJA\\FREELANCE\\sph\\vendor\\laravel\\framework\\src\\Illuminate\\Database\\Connection.php(423): Illuminate\\Database\\Connection->getPdoForSelect(true)
#10 C:\\Users\\Unknown\\OneDrive\\Documents\\KERJA\\FREELANCE\\sph\\vendor\\laravel\\framework\\src\\Illuminate\\Database\\Connection.php(816): Illuminate\\Database\\Connection->Illuminate\\Database\\{closure}('select count(*)...', Array)
#11 C:\\Users\\Unknown\\OneDrive\\Documents\\KERJA\\FREELANCE\\sph\\vendor\\laravel\\framework\\src\\Illuminate\\Database\\Connection.php(983): Illuminate\\Database\\Connection->runQueryCallback('select count(*)...', Array, Object(Closure))
#12 C:\\Users\\Unknown\\OneDrive\\Documents\\KERJA\\FREELANCE\\sph\\vendor\\laravel\\framework\\src\\Illuminate\\Database\\Connection.php(962): Illuminate\\Database\\Connection->tryAgainIfCausedByLostConnection(Object(Illuminate\\Database\\QueryException), 'select count(*)...', Array, Object(Closure))
#13 C:\\Users\\Unknown\\OneDrive\\Documents\\KERJA\\FREELANCE\\sph\\vendor\\laravel\\framework\\src\\Illuminate\\Database\\Connection.php(785): Illuminate\\Database\\Connection->handleQueryException(Object(Illuminate\\Database\\QueryException), 'select count(*)...', Array, Object(Closure))
#14 C:\\Users\\Unknown\\OneDrive\\Documents\\KERJA\\FREELANCE\\sph\\vendor\\laravel\\framework\\src\\Illuminate\\Database\\Connection.php(414): Illuminate\\Database\\Connection->run('select count(*)...', Array, Object(Closure))
#15 C:\\Users\\Unknown\\OneDrive\\Documents\\KERJA\\FREELANCE\\sph\\vendor\\laravel\\framework\\src\\Illuminate\\Database\\Query\\Builder.php(2871): Illuminate\\Database\\Connection->select('select count(*)...', Array, true)
#16 C:\\Users\\Unknown\\OneDrive\\Documents\\KERJA\\FREELANCE\\sph\\vendor\\laravel\\framework\\src\\Illuminate\\Database\\Query\\Builder.php(2860): Illuminate\\Database\\Query\\Builder->runSelect()
#17 C:\\Users\\Unknown\\OneDrive\\Documents\\KERJA\\FREELANCE\\sph\\vendor\\laravel\\framework\\src\\Illuminate\\Database\\Query\\Builder.php(3414): Illuminate\\Database\\Query\\Builder->Illuminate\\Database\\Query\\{closure}()
#18 C:\\Users\\Unknown\\OneDrive\\Documents\\KERJA\\FREELANCE\\sph\\vendor\\laravel\\framework\\src\\Illuminate\\Database\\Query\\Builder.php(2859): Illuminate\\Database\\Query\\Builder->onceWithColumns(Array, Object(Closure))
#19 C:\\Users\\Unknown\\OneDrive\\Documents\\KERJA\\FREELANCE\\sph\\vendor\\laravel\\framework\\src\\Illuminate\\Database\\Query\\Builder.php(3341): Illuminate\\Database\\Query\\Builder->get(Array)
#20 C:\\Users\\Unknown\\OneDrive\\Documents\\KERJA\\FREELANCE\\sph\\vendor\\laravel\\framework\\src\\Illuminate\\Database\\Query\\Builder.php(3269): Illuminate\\Database\\Query\\Builder->aggregate('count', Array)
#21 C:\\Users\\Unknown\\OneDrive\\Documents\\KERJA\\FREELANCE\\sph\\vendor\\laravel\\telescope\\src\\Storage\\DatabaseEntriesRepository.php(123): Illuminate\\Database\\Query\\Builder->count()
#22 C:\\Users\\Unknown\\OneDrive\\Documents\\KERJA\\FREELANCE\\sph\\vendor\\laravel\\telescope\\src\\Storage\\DatabaseEntriesRepository.php(165): Laravel\\Telescope\\Storage\\DatabaseEntriesRepository->countExceptionOccurences(Object(Laravel\\Telescope\\IncomingExceptionEntry))
#23 [internal function]: Laravel\\Telescope\\Storage\\DatabaseEntriesRepository->Laravel\\Telescope\\Storage\\{closure}(Object(Laravel\\Telescope\\IncomingExceptionEntry), 0)
#24 C:\\Users\\Unknown\\OneDrive\\Documents\\KERJA\\FREELANCE\\sph\\vendor\\laravel\\framework\\src\\Illuminate\\Collections\\Arr.php(600): array_map(Object(Closure), Array, Array)
#25 C:\\Users\\Unknown\\OneDrive\\Documents\\KERJA\\FREELANCE\\sph\\vendor\\laravel\\framework\\src\\Illuminate\\Collections\\Collection.php(777): Illuminate\\Support\\Arr::map(Array, Object(Closure))
#26 C:\\Users\\Unknown\\OneDrive\\Documents\\KERJA\\FREELANCE\\sph\\vendor\\laravel\\telescope\\src\\Storage\\DatabaseEntriesRepository.php(164): Illuminate\\Support\\Collection->map(Object(Closure))
#27 C:\\Users\\Unknown\\OneDrive\\Documents\\KERJA\\FREELANCE\\sph\\vendor\\laravel\\framework\\src\\Illuminate\\Collections\\Traits\\EnumeratesValues.php(240): Laravel\\Telescope\\Storage\\DatabaseEntriesRepository->Laravel\\Telescope\\Storage\\{closure}(Object(Illuminate\\Support\\Collection), 0)
#28 C:\\Users\\Unknown\\OneDrive\\Documents\\KERJA\\FREELANCE\\sph\\vendor\\laravel\\telescope\\src\\Storage\\DatabaseEntriesRepository.php(163): Illuminate\\Support\\Collection->each(Object(Closure))
#29 C:\\Users\\Unknown\\OneDrive\\Documents\\KERJA\\FREELANCE\\sph\\vendor\\laravel\\telescope\\src\\Storage\\DatabaseEntriesRepository.php(140): Laravel\\Telescope\\Storage\\DatabaseEntriesRepository->storeExceptions(Object(Illuminate\\Support\\Collection))
#30 C:\\Users\\Unknown\\OneDrive\\Documents\\KERJA\\FREELANCE\\sph\\vendor\\laravel\\telescope\\src\\Telescope.php(661): Laravel\\Telescope\\Storage\\DatabaseEntriesRepository->store(Object(Illuminate\\Support\\Collection))
#31 [internal function]: Laravel\\Telescope\\Telescope::Laravel\\Telescope\\{closure}()
#32 C:\\Users\\Unknown\\OneDrive\\Documents\\KERJA\\FREELANCE\\sph\\vendor\\laravel\\telescope\\src\\Telescope.php(286): call_user_func(Object(Closure))
#33 C:\\Users\\Unknown\\OneDrive\\Documents\\KERJA\\FREELANCE\\sph\\vendor\\laravel\\telescope\\src\\Telescope.php(653): Laravel\\Telescope\\Telescope::withoutRecording(Object(Closure))
#34 C:\\Users\\Unknown\\OneDrive\\Documents\\KERJA\\FREELANCE\\sph\\vendor\\laravel\\telescope\\src\\ListensForStorageOpportunities.php(65): Laravel\\Telescope\\Telescope::store(Object(Laravel\\Telescope\\Storage\\DatabaseEntriesRepository))
#35 C:\\Users\\Unknown\\OneDrive\\Documents\\KERJA\\FREELANCE\\sph\\vendor\\laravel\\framework\\src\\Illuminate\\Container\\BoundMethod.php(36): Laravel\\Telescope\\Telescope::Laravel\\Telescope\\{closure}()
#36 C:\\Users\\Unknown\\OneDrive\\Documents\\KERJA\\FREELANCE\\sph\\vendor\\laravel\\framework\\src\\Illuminate\\Container\\Util.php(41): Illuminate\\Container\\BoundMethod::Illuminate\\Container\\{closure}()
#37 C:\\Users\\Unknown\\OneDrive\\Documents\\KERJA\\FREELANCE\\sph\\vendor\\laravel\\framework\\src\\Illuminate\\Container\\BoundMethod.php(81): Illuminate\\Container\\Util::unwrapIfClosure(Object(Closure))
#38 C:\\Users\\Unknown\\OneDrive\\Documents\\KERJA\\FREELANCE\\sph\\vendor\\laravel\\framework\\src\\Illuminate\\Container\\BoundMethod.php(35): Illuminate\\Container\\BoundMethod::callBoundMethod(Object(Illuminate\\Foundation\\Application), Object(Closure), Object(Closure))
#39 C:\\Users\\Unknown\\OneDrive\\Documents\\KERJA\\FREELANCE\\sph\\vendor\\laravel\\framework\\src\\Illuminate\\Container\\Container.php(662): Illuminate\\Container\\BoundMethod::call(Object(Illuminate\\Foundation\\Application), Object(Closure), Array, NULL)
#40 C:\\Users\\Unknown\\OneDrive\\Documents\\KERJA\\FREELANCE\\sph\\vendor\\laravel\\framework\\src\\Illuminate\\Foundation\\Application.php(1278): Illuminate\\Container\\Container->call(Object(Closure))
#41 C:\\Users\\Unknown\\OneDrive\\Documents\\KERJA\\FREELANCE\\sph\\vendor\\laravel\\framework\\src\\Illuminate\\Foundation\\Console\\Kernel.php(220): Illuminate\\Foundation\\Application->terminate()
#42 C:\\Users\\Unknown\\OneDrive\\Documents\\KERJA\\FREELANCE\\sph\\artisan(51): Illuminate\\Foundation\\Console\\Kernel->terminate(Object(Symfony\\Component\\Console\\Input\\ArgvInput), 1)
#43 {main}
"} 
[2024-09-12 14:39:01] local.ERROR: Command "make:migrate" is not defined.

Did you mean one of these?
    make:cast
    make:channel
    make:command
    make:component
    make:controller
    make:event
    make:exception
    make:factory
    make:job
    make:listener
    make:mail
    make:middleware
    make:migration
    make:model
    make:notification
    make:observer
    make:policy
    make:provider
    make:request
    make:resource
    make:rule
    make:scope
    make:seeder
    make:test
    make:view {"exception":"[object] (Symfony\\Component\\Console\\Exception\\CommandNotFoundException(code: 0): Command \"make:migrate\" is not defined.

Did you mean one of these?
    make:cast
    make:channel
    make:command
    make:component
    make:controller
    make:event
    make:exception
    make:factory
    make:job
    make:listener
    make:mail
    make:middleware
    make:migration
    make:model
    make:notification
    make:observer
    make:policy
    make:provider
    make:request
    make:resource
    make:rule
    make:scope
    make:seeder
    make:test
    make:view at C:\\Users\\Unknown\\OneDrive\\Documents\\KERJA\\FREELANCE\\sph\\vendor\\symfony\\console\\Application.php:737)
[stacktrace]
#0 C:\\Users\\Unknown\\OneDrive\\Documents\\KERJA\\FREELANCE\\sph\\vendor\\symfony\\console\\Application.php(266): Symfony\\Component\\Console\\Application->find('make:migrate')
#1 C:\\Users\\Unknown\\OneDrive\\Documents\\KERJA\\FREELANCE\\sph\\vendor\\symfony\\console\\Application.php(175): Symfony\\Component\\Console\\Application->doRun(Object(Symfony\\Component\\Console\\Input\\ArgvInput), Object(Symfony\\Component\\Console\\Output\\ConsoleOutput))
#2 C:\\Users\\Unknown\\OneDrive\\Documents\\KERJA\\FREELANCE\\sph\\vendor\\laravel\\framework\\src\\Illuminate\\Foundation\\Console\\Kernel.php(201): Symfony\\Component\\Console\\Application->run(Object(Symfony\\Component\\Console\\Input\\ArgvInput), Object(Symfony\\Component\\Console\\Output\\ConsoleOutput))
#3 C:\\Users\\Unknown\\OneDrive\\Documents\\KERJA\\FREELANCE\\sph\\artisan(35): Illuminate\\Foundation\\Console\\Kernel->handle(Object(Symfony\\Component\\Console\\Input\\ArgvInput), Object(Symfony\\Component\\Console\\Output\\ConsoleOutput))
#4 {main}
"} 
[2024-09-12 14:39:10] local.ERROR: SQLSTATE[HY000] [2002] No connection could be made because the target machine actively refused it (Connection: mysql, SQL: select count(*) as aggregate from `telescope_entries` where `type` = exception and `family_hash` = 4f15877f544b93e7bf78a49c250f07c1) {"exception":"[object] (Illuminate\\Database\\QueryException(code: 2002): SQLSTATE[HY000] [2002] No connection could be made because the target machine actively refused it (Connection: mysql, SQL: select count(*) as aggregate from `telescope_entries` where `type` = exception and `family_hash` = 4f15877f544b93e7bf78a49c250f07c1) at C:\\Users\\Unknown\\OneDrive\\Documents\\KERJA\\FREELANCE\\sph\\vendor\\laravel\\framework\\src\\Illuminate\\Database\\Connection.php:829)
[stacktrace]
#0 C:\\Users\\Unknown\\OneDrive\\Documents\\KERJA\\FREELANCE\\sph\\vendor\\laravel\\framework\\src\\Illuminate\\Database\\Connection.php(983): Illuminate\\Database\\Connection->runQueryCallback('select count(*)...', Array, Object(Closure))
#1 C:\\Users\\Unknown\\OneDrive\\Documents\\KERJA\\FREELANCE\\sph\\vendor\\laravel\\framework\\src\\Illuminate\\Database\\Connection.php(962): Illuminate\\Database\\Connection->tryAgainIfCausedByLostConnection(Object(Illuminate\\Database\\QueryException), 'select count(*)...', Array, Object(Closure))
#2 C:\\Users\\Unknown\\OneDrive\\Documents\\KERJA\\FREELANCE\\sph\\vendor\\laravel\\framework\\src\\Illuminate\\Database\\Connection.php(785): Illuminate\\Database\\Connection->handleQueryException(Object(Illuminate\\Database\\QueryException), 'select count(*)...', Array, Object(Closure))
#3 C:\\Users\\Unknown\\OneDrive\\Documents\\KERJA\\FREELANCE\\sph\\vendor\\laravel\\framework\\src\\Illuminate\\Database\\Connection.php(414): Illuminate\\Database\\Connection->run('select count(*)...', Array, Object(Closure))
#4 C:\\Users\\Unknown\\OneDrive\\Documents\\KERJA\\FREELANCE\\sph\\vendor\\laravel\\framework\\src\\Illuminate\\Database\\Query\\Builder.php(2871): Illuminate\\Database\\Connection->select('select count(*)...', Array, true)
#5 C:\\Users\\Unknown\\OneDrive\\Documents\\KERJA\\FREELANCE\\sph\\vendor\\laravel\\framework\\src\\Illuminate\\Database\\Query\\Builder.php(2860): Illuminate\\Database\\Query\\Builder->runSelect()
#6 C:\\Users\\Unknown\\OneDrive\\Documents\\KERJA\\FREELANCE\\sph\\vendor\\laravel\\framework\\src\\Illuminate\\Database\\Query\\Builder.php(3414): Illuminate\\Database\\Query\\Builder->Illuminate\\Database\\Query\\{closure}()
#7 C:\\Users\\Unknown\\OneDrive\\Documents\\KERJA\\FREELANCE\\sph\\vendor\\laravel\\framework\\src\\Illuminate\\Database\\Query\\Builder.php(2859): Illuminate\\Database\\Query\\Builder->onceWithColumns(Array, Object(Closure))
#8 C:\\Users\\Unknown\\OneDrive\\Documents\\KERJA\\FREELANCE\\sph\\vendor\\laravel\\framework\\src\\Illuminate\\Database\\Query\\Builder.php(3341): Illuminate\\Database\\Query\\Builder->get(Array)
#9 C:\\Users\\Unknown\\OneDrive\\Documents\\KERJA\\FREELANCE\\sph\\vendor\\laravel\\framework\\src\\Illuminate\\Database\\Query\\Builder.php(3269): Illuminate\\Database\\Query\\Builder->aggregate('count', Array)
#10 C:\\Users\\Unknown\\OneDrive\\Documents\\KERJA\\FREELANCE\\sph\\vendor\\laravel\\telescope\\src\\Storage\\DatabaseEntriesRepository.php(123): Illuminate\\Database\\Query\\Builder->count()
#11 C:\\Users\\Unknown\\OneDrive\\Documents\\KERJA\\FREELANCE\\sph\\vendor\\laravel\\telescope\\src\\Storage\\DatabaseEntriesRepository.php(165): Laravel\\Telescope\\Storage\\DatabaseEntriesRepository->countExceptionOccurences(Object(Laravel\\Telescope\\IncomingExceptionEntry))
#12 [internal function]: Laravel\\Telescope\\Storage\\DatabaseEntriesRepository->Laravel\\Telescope\\Storage\\{closure}(Object(Laravel\\Telescope\\IncomingExceptionEntry), 0)
#13 C:\\Users\\Unknown\\OneDrive\\Documents\\KERJA\\FREELANCE\\sph\\vendor\\laravel\\framework\\src\\Illuminate\\Collections\\Arr.php(600): array_map(Object(Closure), Array, Array)
#14 C:\\Users\\Unknown\\OneDrive\\Documents\\KERJA\\FREELANCE\\sph\\vendor\\laravel\\framework\\src\\Illuminate\\Collections\\Collection.php(777): Illuminate\\Support\\Arr::map(Array, Object(Closure))
#15 C:\\Users\\Unknown\\OneDrive\\Documents\\KERJA\\FREELANCE\\sph\\vendor\\laravel\\telescope\\src\\Storage\\DatabaseEntriesRepository.php(164): Illuminate\\Support\\Collection->map(Object(Closure))
#16 C:\\Users\\Unknown\\OneDrive\\Documents\\KERJA\\FREELANCE\\sph\\vendor\\laravel\\framework\\src\\Illuminate\\Collections\\Traits\\EnumeratesValues.php(240): Laravel\\Telescope\\Storage\\DatabaseEntriesRepository->Laravel\\Telescope\\Storage\\{closure}(Object(Illuminate\\Support\\Collection), 0)
#17 C:\\Users\\Unknown\\OneDrive\\Documents\\KERJA\\FREELANCE\\sph\\vendor\\laravel\\telescope\\src\\Storage\\DatabaseEntriesRepository.php(163): Illuminate\\Support\\Collection->each(Object(Closure))
#18 C:\\Users\\Unknown\\OneDrive\\Documents\\KERJA\\FREELANCE\\sph\\vendor\\laravel\\telescope\\src\\Storage\\DatabaseEntriesRepository.php(140): Laravel\\Telescope\\Storage\\DatabaseEntriesRepository->storeExceptions(Object(Illuminate\\Support\\Collection))
#19 C:\\Users\\Unknown\\OneDrive\\Documents\\KERJA\\FREELANCE\\sph\\vendor\\laravel\\telescope\\src\\Telescope.php(661): Laravel\\Telescope\\Storage\\DatabaseEntriesRepository->store(Object(Illuminate\\Support\\Collection))
#20 [internal function]: Laravel\\Telescope\\Telescope::Laravel\\Telescope\\{closure}()
#21 C:\\Users\\Unknown\\OneDrive\\Documents\\KERJA\\FREELANCE\\sph\\vendor\\laravel\\telescope\\src\\Telescope.php(286): call_user_func(Object(Closure))
#22 C:\\Users\\Unknown\\OneDrive\\Documents\\KERJA\\FREELANCE\\sph\\vendor\\laravel\\telescope\\src\\Telescope.php(653): Laravel\\Telescope\\Telescope::withoutRecording(Object(Closure))
#23 C:\\Users\\Unknown\\OneDrive\\Documents\\KERJA\\FREELANCE\\sph\\vendor\\laravel\\telescope\\src\\ListensForStorageOpportunities.php(65): Laravel\\Telescope\\Telescope::store(Object(Laravel\\Telescope\\Storage\\DatabaseEntriesRepository))
#24 C:\\Users\\Unknown\\OneDrive\\Documents\\KERJA\\FREELANCE\\sph\\vendor\\laravel\\framework\\src\\Illuminate\\Container\\BoundMethod.php(36): Laravel\\Telescope\\Telescope::Laravel\\Telescope\\{closure}()
#25 C:\\Users\\Unknown\\OneDrive\\Documents\\KERJA\\FREELANCE\\sph\\vendor\\laravel\\framework\\src\\Illuminate\\Container\\Util.php(41): Illuminate\\Container\\BoundMethod::Illuminate\\Container\\{closure}()
#26 C:\\Users\\Unknown\\OneDrive\\Documents\\KERJA\\FREELANCE\\sph\\vendor\\laravel\\framework\\src\\Illuminate\\Container\\BoundMethod.php(81): Illuminate\\Container\\Util::unwrapIfClosure(Object(Closure))
#27 C:\\Users\\Unknown\\OneDrive\\Documents\\KERJA\\FREELANCE\\sph\\vendor\\laravel\\framework\\src\\Illuminate\\Container\\BoundMethod.php(35): Illuminate\\Container\\BoundMethod::callBoundMethod(Object(Illuminate\\Foundation\\Application), Object(Closure), Object(Closure))
#28 C:\\Users\\Unknown\\OneDrive\\Documents\\KERJA\\FREELANCE\\sph\\vendor\\laravel\\framework\\src\\Illuminate\\Container\\Container.php(662): Illuminate\\Container\\BoundMethod::call(Object(Illuminate\\Foundation\\Application), Object(Closure), Array, NULL)
#29 C:\\Users\\Unknown\\OneDrive\\Documents\\KERJA\\FREELANCE\\sph\\vendor\\laravel\\framework\\src\\Illuminate\\Foundation\\Application.php(1278): Illuminate\\Container\\Container->call(Object(Closure))
#30 C:\\Users\\Unknown\\OneDrive\\Documents\\KERJA\\FREELANCE\\sph\\vendor\\laravel\\framework\\src\\Illuminate\\Foundation\\Console\\Kernel.php(220): Illuminate\\Foundation\\Application->terminate()
#31 C:\\Users\\Unknown\\OneDrive\\Documents\\KERJA\\FREELANCE\\sph\\artisan(51): Illuminate\\Foundation\\Console\\Kernel->terminate(Object(Symfony\\Component\\Console\\Input\\ArgvInput), 1)
#32 {main}

[previous exception] [object] (PDOException(code: 2002): SQLSTATE[HY000] [2002] No connection could be made because the target machine actively refused it at C:\\Users\\Unknown\\OneDrive\\Documents\\KERJA\\FREELANCE\\sph\\vendor\\laravel\\framework\\src\\Illuminate\\Database\\Connectors\\Connector.php:65)
[stacktrace]
#0 C:\\Users\\Unknown\\OneDrive\\Documents\\KERJA\\FREELANCE\\sph\\vendor\\laravel\\framework\\src\\Illuminate\\Database\\Connectors\\Connector.php(65): PDO->__construct('mysql:host=127....', 'root', Object(SensitiveParameterValue), Array)
#1 C:\\Users\\Unknown\\OneDrive\\Documents\\KERJA\\FREELANCE\\sph\\vendor\\laravel\\framework\\src\\Illuminate\\Database\\Connectors\\Connector.php(83): Illuminate\\Database\\Connectors\\Connector->createPdoConnection('mysql:host=127....', 'root', '', Array)
#2 C:\\Users\\Unknown\\OneDrive\\Documents\\KERJA\\FREELANCE\\sph\\vendor\\laravel\\framework\\src\\Illuminate\\Database\\Connectors\\Connector.php(48): Illuminate\\Database\\Connectors\\Connector->tryAgainIfCausedByLostConnection(Object(PDOException), 'mysql:host=127....', 'root', '', Array)
#3 C:\\Users\\Unknown\\OneDrive\\Documents\\KERJA\\FREELANCE\\sph\\vendor\\laravel\\framework\\src\\Illuminate\\Database\\Connectors\\MySqlConnector.php(24): Illuminate\\Database\\Connectors\\Connector->createConnection('mysql:host=127....', Array, Array)
#4 C:\\Users\\Unknown\\OneDrive\\Documents\\KERJA\\FREELANCE\\sph\\vendor\\laravel\\framework\\src\\Illuminate\\Database\\Connectors\\ConnectionFactory.php(184): Illuminate\\Database\\Connectors\\MySqlConnector->connect(Array)
#5 [internal function]: Illuminate\\Database\\Connectors\\ConnectionFactory->Illuminate\\Database\\Connectors\\{closure}()
#6 C:\\Users\\Unknown\\OneDrive\\Documents\\KERJA\\FREELANCE\\sph\\vendor\\laravel\\framework\\src\\Illuminate\\Database\\Connection.php(1339): call_user_func(Object(Closure))
#7 C:\\Users\\Unknown\\OneDrive\\Documents\\KERJA\\FREELANCE\\sph\\vendor\\laravel\\framework\\src\\Illuminate\\Database\\Connection.php(1375): Illuminate\\Database\\Connection->getPdo()
#8 C:\\Users\\Unknown\\OneDrive\\Documents\\KERJA\\FREELANCE\\sph\\vendor\\laravel\\framework\\src\\Illuminate\\Database\\Connection.php(528): Illuminate\\Database\\Connection->getReadPdo()
#9 C:\\Users\\Unknown\\OneDrive\\Documents\\KERJA\\FREELANCE\\sph\\vendor\\laravel\\framework\\src\\Illuminate\\Database\\Connection.php(423): Illuminate\\Database\\Connection->getPdoForSelect(true)
#10 C:\\Users\\Unknown\\OneDrive\\Documents\\KERJA\\FREELANCE\\sph\\vendor\\laravel\\framework\\src\\Illuminate\\Database\\Connection.php(816): Illuminate\\Database\\Connection->Illuminate\\Database\\{closure}('select count(*)...', Array)
#11 C:\\Users\\Unknown\\OneDrive\\Documents\\KERJA\\FREELANCE\\sph\\vendor\\laravel\\framework\\src\\Illuminate\\Database\\Connection.php(983): Illuminate\\Database\\Connection->runQueryCallback('select count(*)...', Array, Object(Closure))
#12 C:\\Users\\Unknown\\OneDrive\\Documents\\KERJA\\FREELANCE\\sph\\vendor\\laravel\\framework\\src\\Illuminate\\Database\\Connection.php(962): Illuminate\\Database\\Connection->tryAgainIfCausedByLostConnection(Object(Illuminate\\Database\\QueryException), 'select count(*)...', Array, Object(Closure))
#13 C:\\Users\\Unknown\\OneDrive\\Documents\\KERJA\\FREELANCE\\sph\\vendor\\laravel\\framework\\src\\Illuminate\\Database\\Connection.php(785): Illuminate\\Database\\Connection->handleQueryException(Object(Illuminate\\Database\\QueryException), 'select count(*)...', Array, Object(Closure))
#14 C:\\Users\\Unknown\\OneDrive\\Documents\\KERJA\\FREELANCE\\sph\\vendor\\laravel\\framework\\src\\Illuminate\\Database\\Connection.php(414): Illuminate\\Database\\Connection->run('select count(*)...', Array, Object(Closure))
#15 C:\\Users\\Unknown\\OneDrive\\Documents\\KERJA\\FREELANCE\\sph\\vendor\\laravel\\framework\\src\\Illuminate\\Database\\Query\\Builder.php(2871): Illuminate\\Database\\Connection->select('select count(*)...', Array, true)
#16 C:\\Users\\Unknown\\OneDrive\\Documents\\KERJA\\FREELANCE\\sph\\vendor\\laravel\\framework\\src\\Illuminate\\Database\\Query\\Builder.php(2860): Illuminate\\Database\\Query\\Builder->runSelect()
#17 C:\\Users\\Unknown\\OneDrive\\Documents\\KERJA\\FREELANCE\\sph\\vendor\\laravel\\framework\\src\\Illuminate\\Database\\Query\\Builder.php(3414): Illuminate\\Database\\Query\\Builder->Illuminate\\Database\\Query\\{closure}()
#18 C:\\Users\\Unknown\\OneDrive\\Documents\\KERJA\\FREELANCE\\sph\\vendor\\laravel\\framework\\src\\Illuminate\\Database\\Query\\Builder.php(2859): Illuminate\\Database\\Query\\Builder->onceWithColumns(Array, Object(Closure))
#19 C:\\Users\\Unknown\\OneDrive\\Documents\\KERJA\\FREELANCE\\sph\\vendor\\laravel\\framework\\src\\Illuminate\\Database\\Query\\Builder.php(3341): Illuminate\\Database\\Query\\Builder->get(Array)
#20 C:\\Users\\Unknown\\OneDrive\\Documents\\KERJA\\FREELANCE\\sph\\vendor\\laravel\\framework\\src\\Illuminate\\Database\\Query\\Builder.php(3269): Illuminate\\Database\\Query\\Builder->aggregate('count', Array)
#21 C:\\Users\\Unknown\\OneDrive\\Documents\\KERJA\\FREELANCE\\sph\\vendor\\laravel\\telescope\\src\\Storage\\DatabaseEntriesRepository.php(123): Illuminate\\Database\\Query\\Builder->count()
#22 C:\\Users\\Unknown\\OneDrive\\Documents\\KERJA\\FREELANCE\\sph\\vendor\\laravel\\telescope\\src\\Storage\\DatabaseEntriesRepository.php(165): Laravel\\Telescope\\Storage\\DatabaseEntriesRepository->countExceptionOccurences(Object(Laravel\\Telescope\\IncomingExceptionEntry))
#23 [internal function]: Laravel\\Telescope\\Storage\\DatabaseEntriesRepository->Laravel\\Telescope\\Storage\\{closure}(Object(Laravel\\Telescope\\IncomingExceptionEntry), 0)
#24 C:\\Users\\Unknown\\OneDrive\\Documents\\KERJA\\FREELANCE\\sph\\vendor\\laravel\\framework\\src\\Illuminate\\Collections\\Arr.php(600): array_map(Object(Closure), Array, Array)
#25 C:\\Users\\Unknown\\OneDrive\\Documents\\KERJA\\FREELANCE\\sph\\vendor\\laravel\\framework\\src\\Illuminate\\Collections\\Collection.php(777): Illuminate\\Support\\Arr::map(Array, Object(Closure))
#26 C:\\Users\\Unknown\\OneDrive\\Documents\\KERJA\\FREELANCE\\sph\\vendor\\laravel\\telescope\\src\\Storage\\DatabaseEntriesRepository.php(164): Illuminate\\Support\\Collection->map(Object(Closure))
#27 C:\\Users\\Unknown\\OneDrive\\Documents\\KERJA\\FREELANCE\\sph\\vendor\\laravel\\framework\\src\\Illuminate\\Collections\\Traits\\EnumeratesValues.php(240): Laravel\\Telescope\\Storage\\DatabaseEntriesRepository->Laravel\\Telescope\\Storage\\{closure}(Object(Illuminate\\Support\\Collection), 0)
#28 C:\\Users\\Unknown\\OneDrive\\Documents\\KERJA\\FREELANCE\\sph\\vendor\\laravel\\telescope\\src\\Storage\\DatabaseEntriesRepository.php(163): Illuminate\\Support\\Collection->each(Object(Closure))
#29 C:\\Users\\Unknown\\OneDrive\\Documents\\KERJA\\FREELANCE\\sph\\vendor\\laravel\\telescope\\src\\Storage\\DatabaseEntriesRepository.php(140): Laravel\\Telescope\\Storage\\DatabaseEntriesRepository->storeExceptions(Object(Illuminate\\Support\\Collection))
#30 C:\\Users\\Unknown\\OneDrive\\Documents\\KERJA\\FREELANCE\\sph\\vendor\\laravel\\telescope\\src\\Telescope.php(661): Laravel\\Telescope\\Storage\\DatabaseEntriesRepository->store(Object(Illuminate\\Support\\Collection))
#31 [internal function]: Laravel\\Telescope\\Telescope::Laravel\\Telescope\\{closure}()
#32 C:\\Users\\Unknown\\OneDrive\\Documents\\KERJA\\FREELANCE\\sph\\vendor\\laravel\\telescope\\src\\Telescope.php(286): call_user_func(Object(Closure))
#33 C:\\Users\\Unknown\\OneDrive\\Documents\\KERJA\\FREELANCE\\sph\\vendor\\laravel\\telescope\\src\\Telescope.php(653): Laravel\\Telescope\\Telescope::withoutRecording(Object(Closure))
#34 C:\\Users\\Unknown\\OneDrive\\Documents\\KERJA\\FREELANCE\\sph\\vendor\\laravel\\telescope\\src\\ListensForStorageOpportunities.php(65): Laravel\\Telescope\\Telescope::store(Object(Laravel\\Telescope\\Storage\\DatabaseEntriesRepository))
#35 C:\\Users\\Unknown\\OneDrive\\Documents\\KERJA\\FREELANCE\\sph\\vendor\\laravel\\framework\\src\\Illuminate\\Container\\BoundMethod.php(36): Laravel\\Telescope\\Telescope::Laravel\\Telescope\\{closure}()
#36 C:\\Users\\Unknown\\OneDrive\\Documents\\KERJA\\FREELANCE\\sph\\vendor\\laravel\\framework\\src\\Illuminate\\Container\\Util.php(41): Illuminate\\Container\\BoundMethod::Illuminate\\Container\\{closure}()
#37 C:\\Users\\Unknown\\OneDrive\\Documents\\KERJA\\FREELANCE\\sph\\vendor\\laravel\\framework\\src\\Illuminate\\Container\\BoundMethod.php(81): Illuminate\\Container\\Util::unwrapIfClosure(Object(Closure))
#38 C:\\Users\\Unknown\\OneDrive\\Documents\\KERJA\\FREELANCE\\sph\\vendor\\laravel\\framework\\src\\Illuminate\\Container\\BoundMethod.php(35): Illuminate\\Container\\BoundMethod::callBoundMethod(Object(Illuminate\\Foundation\\Application), Object(Closure), Object(Closure))
#39 C:\\Users\\Unknown\\OneDrive\\Documents\\KERJA\\FREELANCE\\sph\\vendor\\laravel\\framework\\src\\Illuminate\\Container\\Container.php(662): Illuminate\\Container\\BoundMethod::call(Object(Illuminate\\Foundation\\Application), Object(Closure), Array, NULL)
#40 C:\\Users\\Unknown\\OneDrive\\Documents\\KERJA\\FREELANCE\\sph\\vendor\\laravel\\framework\\src\\Illuminate\\Foundation\\Application.php(1278): Illuminate\\Container\\Container->call(Object(Closure))
#41 C:\\Users\\Unknown\\OneDrive\\Documents\\KERJA\\FREELANCE\\sph\\vendor\\laravel\\framework\\src\\Illuminate\\Foundation\\Console\\Kernel.php(220): Illuminate\\Foundation\\Application->terminate()
#42 C:\\Users\\Unknown\\OneDrive\\Documents\\KERJA\\FREELANCE\\sph\\artisan(51): Illuminate\\Foundation\\Console\\Kernel->terminate(Object(Symfony\\Component\\Console\\Input\\ArgvInput), 1)
#43 {main}
"} 
[2024-09-12 14:42:17] local.ERROR: SQLSTATE[HY000] [2002] No connection could be made because the target machine actively refused it (Connection: mysql, SQL: insert into `telescope_entries` (`batch_id`, `content`, `created_at`, `family_hash`, `type`, `uuid`) values (9cfe1c72-ec7c-4bee-918a-200e7c86595a, {"command":"make:migration","exit_code":0,"arguments":{"command":"make:migration","name":"alter_table_po_transport"},"options":{"create":null,"table":null,"path":null,"realpath":false,"fullpath":false,"help":false,"quiet":false,"verbose":false,"version":false,"ansi":null,"no-interaction":false,"env":null},"hostname":"LAPTOP-6A22I2S1"}, 2024-09-12 14:42:09, ?, command, 9cfe1c72-e8b0-440d-8380-39f72977c094)) {"exception":"[object] (Illuminate\\Database\\QueryException(code: 2002): SQLSTATE[HY000] [2002] No connection could be made because the target machine actively refused it (Connection: mysql, SQL: insert into `telescope_entries` (`batch_id`, `content`, `created_at`, `family_hash`, `type`, `uuid`) values (9cfe1c72-ec7c-4bee-918a-200e7c86595a, {\"command\":\"make:migration\",\"exit_code\":0,\"arguments\":{\"command\":\"make:migration\",\"name\":\"alter_table_po_transport\"},\"options\":{\"create\":null,\"table\":null,\"path\":null,\"realpath\":false,\"fullpath\":false,\"help\":false,\"quiet\":false,\"verbose\":false,\"version\":false,\"ansi\":null,\"no-interaction\":false,\"env\":null},\"hostname\":\"LAPTOP-6A22I2S1\"}, 2024-09-12 14:42:09, ?, command, 9cfe1c72-e8b0-440d-8380-39f72977c094)) at C:\\Users\\Unknown\\OneDrive\\Documents\\KERJA\\FREELANCE\\sph\\vendor\\laravel\\framework\\src\\Illuminate\\Database\\Connection.php:829)
[stacktrace]
#0 C:\\Users\\Unknown\\OneDrive\\Documents\\KERJA\\FREELANCE\\sph\\vendor\\laravel\\framework\\src\\Illuminate\\Database\\Connection.php(983): Illuminate\\Database\\Connection->runQueryCallback('insert into `te...', Array, Object(Closure))
#1 C:\\Users\\Unknown\\OneDrive\\Documents\\KERJA\\FREELANCE\\sph\\vendor\\laravel\\framework\\src\\Illuminate\\Database\\Connection.php(962): Illuminate\\Database\\Connection->tryAgainIfCausedByLostConnection(Object(Illuminate\\Database\\QueryException), 'insert into `te...', Array, Object(Closure))
#2 C:\\Users\\Unknown\\OneDrive\\Documents\\KERJA\\FREELANCE\\sph\\vendor\\laravel\\framework\\src\\Illuminate\\Database\\Connection.php(785): Illuminate\\Database\\Connection->handleQueryException(Object(Illuminate\\Database\\QueryException), 'insert into `te...', Array, Object(Closure))
#3 C:\\Users\\Unknown\\OneDrive\\Documents\\KERJA\\FREELANCE\\sph\\vendor\\laravel\\framework\\src\\Illuminate\\Database\\Connection.php(576): Illuminate\\Database\\Connection->run('insert into `te...', Array, Object(Closure))
#4 C:\\Users\\Unknown\\OneDrive\\Documents\\KERJA\\FREELANCE\\sph\\vendor\\laravel\\framework\\src\\Illuminate\\Database\\Connection.php(540): Illuminate\\Database\\Connection->statement('insert into `te...', Array)
#5 C:\\Users\\Unknown\\OneDrive\\Documents\\KERJA\\FREELANCE\\sph\\vendor\\laravel\\framework\\src\\Illuminate\\Database\\Query\\Builder.php(3456): Illuminate\\Database\\Connection->insert('insert into `te...', Array)
#6 C:\\Users\\Unknown\\OneDrive\\Documents\\KERJA\\FREELANCE\\sph\\vendor\\laravel\\telescope\\src\\Storage\\DatabaseEntriesRepository.php(145): Illuminate\\Database\\Query\\Builder->insert(Array)
#7 C:\\Users\\Unknown\\OneDrive\\Documents\\KERJA\\FREELANCE\\sph\\vendor\\laravel\\framework\\src\\Illuminate\\Collections\\Traits\\EnumeratesValues.php(240): Laravel\\Telescope\\Storage\\DatabaseEntriesRepository->Laravel\\Telescope\\Storage\\{closure}(Object(Illuminate\\Support\\Collection), 0)
#8 C:\\Users\\Unknown\\OneDrive\\Documents\\KERJA\\FREELANCE\\sph\\vendor\\laravel\\telescope\\src\\Storage\\DatabaseEntriesRepository.php(144): Illuminate\\Support\\Collection->each(Object(Closure))
#9 C:\\Users\\Unknown\\OneDrive\\Documents\\KERJA\\FREELANCE\\sph\\vendor\\laravel\\telescope\\src\\Telescope.php(661): Laravel\\Telescope\\Storage\\DatabaseEntriesRepository->store(Object(Illuminate\\Support\\Collection))
#10 [internal function]: Laravel\\Telescope\\Telescope::Laravel\\Telescope\\{closure}()
#11 C:\\Users\\Unknown\\OneDrive\\Documents\\KERJA\\FREELANCE\\sph\\vendor\\laravel\\telescope\\src\\Telescope.php(286): call_user_func(Object(Closure))
#12 C:\\Users\\Unknown\\OneDrive\\Documents\\KERJA\\FREELANCE\\sph\\vendor\\laravel\\telescope\\src\\Telescope.php(653): Laravel\\Telescope\\Telescope::withoutRecording(Object(Closure))
#13 C:\\Users\\Unknown\\OneDrive\\Documents\\KERJA\\FREELANCE\\sph\\vendor\\laravel\\telescope\\src\\ListensForStorageOpportunities.php(65): Laravel\\Telescope\\Telescope::store(Object(Laravel\\Telescope\\Storage\\DatabaseEntriesRepository))
#14 C:\\Users\\Unknown\\OneDrive\\Documents\\KERJA\\FREELANCE\\sph\\vendor\\laravel\\framework\\src\\Illuminate\\Container\\BoundMethod.php(36): Laravel\\Telescope\\Telescope::Laravel\\Telescope\\{closure}()
#15 C:\\Users\\Unknown\\OneDrive\\Documents\\KERJA\\FREELANCE\\sph\\vendor\\laravel\\framework\\src\\Illuminate\\Container\\Util.php(41): Illuminate\\Container\\BoundMethod::Illuminate\\Container\\{closure}()
#16 C:\\Users\\Unknown\\OneDrive\\Documents\\KERJA\\FREELANCE\\sph\\vendor\\laravel\\framework\\src\\Illuminate\\Container\\BoundMethod.php(81): Illuminate\\Container\\Util::unwrapIfClosure(Object(Closure))
#17 C:\\Users\\Unknown\\OneDrive\\Documents\\KERJA\\FREELANCE\\sph\\vendor\\laravel\\framework\\src\\Illuminate\\Container\\BoundMethod.php(35): Illuminate\\Container\\BoundMethod::callBoundMethod(Object(Illuminate\\Foundation\\Application), Object(Closure), Object(Closure))
#18 C:\\Users\\Unknown\\OneDrive\\Documents\\KERJA\\FREELANCE\\sph\\vendor\\laravel\\framework\\src\\Illuminate\\Container\\Container.php(662): Illuminate\\Container\\BoundMethod::call(Object(Illuminate\\Foundation\\Application), Object(Closure), Array, NULL)
#19 C:\\Users\\Unknown\\OneDrive\\Documents\\KERJA\\FREELANCE\\sph\\vendor\\laravel\\framework\\src\\Illuminate\\Foundation\\Application.php(1278): Illuminate\\Container\\Container->call(Object(Closure))
#20 C:\\Users\\Unknown\\OneDrive\\Documents\\KERJA\\FREELANCE\\sph\\vendor\\laravel\\framework\\src\\Illuminate\\Foundation\\Console\\Kernel.php(220): Illuminate\\Foundation\\Application->terminate()
#21 C:\\Users\\Unknown\\OneDrive\\Documents\\KERJA\\FREELANCE\\sph\\artisan(51): Illuminate\\Foundation\\Console\\Kernel->terminate(Object(Symfony\\Component\\Console\\Input\\ArgvInput), 0)
#22 {main}

[previous exception] [object] (PDOException(code: 2002): SQLSTATE[HY000] [2002] No connection could be made because the target machine actively refused it at C:\\Users\\Unknown\\OneDrive\\Documents\\KERJA\\FREELANCE\\sph\\vendor\\laravel\\framework\\src\\Illuminate\\Database\\Connectors\\Connector.php:65)
[stacktrace]
#0 C:\\Users\\Unknown\\OneDrive\\Documents\\KERJA\\FREELANCE\\sph\\vendor\\laravel\\framework\\src\\Illuminate\\Database\\Connectors\\Connector.php(65): PDO->__construct('mysql:host=127....', 'root', Object(SensitiveParameterValue), Array)
#1 C:\\Users\\Unknown\\OneDrive\\Documents\\KERJA\\FREELANCE\\sph\\vendor\\laravel\\framework\\src\\Illuminate\\Database\\Connectors\\Connector.php(83): Illuminate\\Database\\Connectors\\Connector->createPdoConnection('mysql:host=127....', 'root', '', Array)
#2 C:\\Users\\Unknown\\OneDrive\\Documents\\KERJA\\FREELANCE\\sph\\vendor\\laravel\\framework\\src\\Illuminate\\Database\\Connectors\\Connector.php(48): Illuminate\\Database\\Connectors\\Connector->tryAgainIfCausedByLostConnection(Object(PDOException), 'mysql:host=127....', 'root', '', Array)
#3 C:\\Users\\Unknown\\OneDrive\\Documents\\KERJA\\FREELANCE\\sph\\vendor\\laravel\\framework\\src\\Illuminate\\Database\\Connectors\\MySqlConnector.php(24): Illuminate\\Database\\Connectors\\Connector->createConnection('mysql:host=127....', Array, Array)
#4 C:\\Users\\Unknown\\OneDrive\\Documents\\KERJA\\FREELANCE\\sph\\vendor\\laravel\\framework\\src\\Illuminate\\Database\\Connectors\\ConnectionFactory.php(184): Illuminate\\Database\\Connectors\\MySqlConnector->connect(Array)
#5 [internal function]: Illuminate\\Database\\Connectors\\ConnectionFactory->Illuminate\\Database\\Connectors\\{closure}()
#6 C:\\Users\\Unknown\\OneDrive\\Documents\\KERJA\\FREELANCE\\sph\\vendor\\laravel\\framework\\src\\Illuminate\\Database\\Connection.php(1339): call_user_func(Object(Closure))
#7 C:\\Users\\Unknown\\OneDrive\\Documents\\KERJA\\FREELANCE\\sph\\vendor\\laravel\\framework\\src\\Illuminate\\Database\\Connection.php(581): Illuminate\\Database\\Connection->getPdo()
#8 C:\\Users\\Unknown\\OneDrive\\Documents\\KERJA\\FREELANCE\\sph\\vendor\\laravel\\framework\\src\\Illuminate\\Database\\Connection.php(816): Illuminate\\Database\\Connection->Illuminate\\Database\\{closure}('insert into `te...', Array)
#9 C:\\Users\\Unknown\\OneDrive\\Documents\\KERJA\\FREELANCE\\sph\\vendor\\laravel\\framework\\src\\Illuminate\\Database\\Connection.php(983): Illuminate\\Database\\Connection->runQueryCallback('insert into `te...', Array, Object(Closure))
#10 C:\\Users\\Unknown\\OneDrive\\Documents\\KERJA\\FREELANCE\\sph\\vendor\\laravel\\framework\\src\\Illuminate\\Database\\Connection.php(962): Illuminate\\Database\\Connection->tryAgainIfCausedByLostConnection(Object(Illuminate\\Database\\QueryException), 'insert into `te...', Array, Object(Closure))
#11 C:\\Users\\Unknown\\OneDrive\\Documents\\KERJA\\FREELANCE\\sph\\vendor\\laravel\\framework\\src\\Illuminate\\Database\\Connection.php(785): Illuminate\\Database\\Connection->handleQueryException(Object(Illuminate\\Database\\QueryException), 'insert into `te...', Array, Object(Closure))
#12 C:\\Users\\Unknown\\OneDrive\\Documents\\KERJA\\FREELANCE\\sph\\vendor\\laravel\\framework\\src\\Illuminate\\Database\\Connection.php(576): Illuminate\\Database\\Connection->run('insert into `te...', Array, Object(Closure))
#13 C:\\Users\\Unknown\\OneDrive\\Documents\\KERJA\\FREELANCE\\sph\\vendor\\laravel\\framework\\src\\Illuminate\\Database\\Connection.php(540): Illuminate\\Database\\Connection->statement('insert into `te...', Array)
#14 C:\\Users\\Unknown\\OneDrive\\Documents\\KERJA\\FREELANCE\\sph\\vendor\\laravel\\framework\\src\\Illuminate\\Database\\Query\\Builder.php(3456): Illuminate\\Database\\Connection->insert('insert into `te...', Array)
#15 C:\\Users\\Unknown\\OneDrive\\Documents\\KERJA\\FREELANCE\\sph\\vendor\\laravel\\telescope\\src\\Storage\\DatabaseEntriesRepository.php(145): Illuminate\\Database\\Query\\Builder->insert(Array)
#16 C:\\Users\\Unknown\\OneDrive\\Documents\\KERJA\\FREELANCE\\sph\\vendor\\laravel\\framework\\src\\Illuminate\\Collections\\Traits\\EnumeratesValues.php(240): Laravel\\Telescope\\Storage\\DatabaseEntriesRepository->Laravel\\Telescope\\Storage\\{closure}(Object(Illuminate\\Support\\Collection), 0)
#17 C:\\Users\\Unknown\\OneDrive\\Documents\\KERJA\\FREELANCE\\sph\\vendor\\laravel\\telescope\\src\\Storage\\DatabaseEntriesRepository.php(144): Illuminate\\Support\\Collection->each(Object(Closure))
#18 C:\\Users\\Unknown\\OneDrive\\Documents\\KERJA\\FREELANCE\\sph\\vendor\\laravel\\telescope\\src\\Telescope.php(661): Laravel\\Telescope\\Storage\\DatabaseEntriesRepository->store(Object(Illuminate\\Support\\Collection))
#19 [internal function]: Laravel\\Telescope\\Telescope::Laravel\\Telescope\\{closure}()
#20 C:\\Users\\Unknown\\OneDrive\\Documents\\KERJA\\FREELANCE\\sph\\vendor\\laravel\\telescope\\src\\Telescope.php(286): call_user_func(Object(Closure))
#21 C:\\Users\\Unknown\\OneDrive\\Documents\\KERJA\\FREELANCE\\sph\\vendor\\laravel\\telescope\\src\\Telescope.php(653): Laravel\\Telescope\\Telescope::withoutRecording(Object(Closure))
#22 C:\\Users\\Unknown\\OneDrive\\Documents\\KERJA\\FREELANCE\\sph\\vendor\\laravel\\telescope\\src\\ListensForStorageOpportunities.php(65): Laravel\\Telescope\\Telescope::store(Object(Laravel\\Telescope\\Storage\\DatabaseEntriesRepository))
#23 C:\\Users\\Unknown\\OneDrive\\Documents\\KERJA\\FREELANCE\\sph\\vendor\\laravel\\framework\\src\\Illuminate\\Container\\BoundMethod.php(36): Laravel\\Telescope\\Telescope::Laravel\\Telescope\\{closure}()
#24 C:\\Users\\Unknown\\OneDrive\\Documents\\KERJA\\FREELANCE\\sph\\vendor\\laravel\\framework\\src\\Illuminate\\Container\\Util.php(41): Illuminate\\Container\\BoundMethod::Illuminate\\Container\\{closure}()
#25 C:\\Users\\Unknown\\OneDrive\\Documents\\KERJA\\FREELANCE\\sph\\vendor\\laravel\\framework\\src\\Illuminate\\Container\\BoundMethod.php(81): Illuminate\\Container\\Util::unwrapIfClosure(Object(Closure))
#26 C:\\Users\\Unknown\\OneDrive\\Documents\\KERJA\\FREELANCE\\sph\\vendor\\laravel\\framework\\src\\Illuminate\\Container\\BoundMethod.php(35): Illuminate\\Container\\BoundMethod::callBoundMethod(Object(Illuminate\\Foundation\\Application), Object(Closure), Object(Closure))
#27 C:\\Users\\Unknown\\OneDrive\\Documents\\KERJA\\FREELANCE\\sph\\vendor\\laravel\\framework\\src\\Illuminate\\Container\\Container.php(662): Illuminate\\Container\\BoundMethod::call(Object(Illuminate\\Foundation\\Application), Object(Closure), Array, NULL)
#28 C:\\Users\\Unknown\\OneDrive\\Documents\\KERJA\\FREELANCE\\sph\\vendor\\laravel\\framework\\src\\Illuminate\\Foundation\\Application.php(1278): Illuminate\\Container\\Container->call(Object(Closure))
#29 C:\\Users\\Unknown\\OneDrive\\Documents\\KERJA\\FREELANCE\\sph\\vendor\\laravel\\framework\\src\\Illuminate\\Foundation\\Console\\Kernel.php(220): Illuminate\\Foundation\\Application->terminate()
#30 C:\\Users\\Unknown\\OneDrive\\Documents\\KERJA\\FREELANCE\\sph\\artisan(51): Illuminate\\Foundation\\Console\\Kernel->terminate(Object(Symfony\\Component\\Console\\Input\\ArgvInput), 0)
#31 {main}
"} 
